<?xml version="1.0" encoding="UTF-8" standalone="yes"?>
<testsuites time="27.865" tests="5" failures="3" errors="1">
    <testsuite name="GraphWalker" tests="5" failures="3" errors="1" time="27.865" timestamp="2024-10-17T20:56:04">
        <properties>
[...]
</properties>
        <testcase name="VeterinariansTest" time="5.573" classname="com.company.modelimplementations.VeterinariansTest"/>
        <testcase name="NewOwnerTest" time="5.573" classname="com.company.modelimplementations.NewOwnerTest">
            <error type="java.lang.reflect.InvocationTargetException">
                java.lang.reflect.InvocationTargetException&#13;
                	at java.base/jdk.internal.reflect.DirectMethodHandleAccessor.invoke(DirectMethodHandleAccessor.java:118)&#13;
                	at java.base/java.lang.reflect.Method.invoke(Method.java:580)&#13;
                	at org.graphwalker.core.machine.ExecutionContext.execute(ExecutionContext.java:276)&#13;
                	at org.graphwalker.core.machine.SimpleMachine.execute(SimpleMachine.java:282)&#13;
                	at org.graphwalker.core.machine.SimpleMachine.getNextStep(SimpleMachine.java:105)&#13;
                	at org.graphwalker.java.test.TestExecutor.execute(TestExecutor.java:247)&#13;
                	at java.base/jdk.internal.reflect.DirectMethodHandleAccessor.invoke(DirectMethodHandleAccessor.java:103)&#13;
                	at java.base/java.lang.reflect.Method.invoke(Method.java:580)&#13;
                	at org.graphwalker.java.test.Reflections.invoke(Reflections.java:73)&#13;
                	at org.graphwalker.java.test.Reflector.execute(Reflector.java:123)&#13;
                	at org.graphwalker.maven.plugin.TestMojo.execute(TestMojo.java:161)&#13;
                	at org.apache.maven.plugin.DefaultBuildPluginManager.executeMojo(DefaultBuildPluginManager.java:126)&#13;
                	at org.apache.maven.lifecycle.internal.MojoExecutor.doExecute2(MojoExecutor.java:328)&#13;
                	at org.apache.maven.lifecycle.internal.MojoExecutor.doExecute(MojoExecutor.java:316)&#13;
                	at org.apache.maven.lifecycle.internal.MojoExecutor.execute(MojoExecutor.java:212)&#13;
                	at org.apache.maven.lifecycle.internal.MojoExecutor.execute(MojoExecutor.java:174)&#13;
                	at org.apache.maven.lifecycle.internal.MojoExecutor.access$000(MojoExecutor.java:75)&#13;
                	at org.apache.maven.lifecycle.internal.MojoExecutor$1.run(MojoExecutor.java:162)&#13;
                	at org.apache.maven.plugin.DefaultMojosExecutionStrategy.execute(DefaultMojosExecutionStrategy.java:39)&#13;
                	at org.apache.maven.lifecycle.internal.MojoExecutor.execute(MojoExecutor.java:159)&#13;
                	at org.apache.maven.lifecycle.internal.LifecycleModuleBuilder.buildProject(LifecycleModuleBuilder.java:105)&#13;
                	at org.apache.maven.lifecycle.internal.LifecycleModuleBuilder.buildProject(LifecycleModuleBuilder.java:73)&#13;
                	at org.apache.maven.lifecycle.internal.builder.singlethreaded.SingleThreadedBuilder.build(SingleThreadedBuilder.java:53)&#13;
                	at org.apache.maven.lifecycle.internal.LifecycleStarter.execute(LifecycleStarter.java:118)&#13;
                	at org.apache.maven.DefaultMaven.doExecute(DefaultMaven.java:261)&#13;
                	at org.apache.maven.DefaultMaven.doExecute(DefaultMaven.java:173)&#13;
                	at org.apache.maven.DefaultMaven.execute(DefaultMaven.java:101)&#13;
                	at org.apache.maven.cli.MavenCli.execute(MavenCli.java:906)&#13;
                	at org.apache.maven.cli.MavenCli.doMain(MavenCli.java:283)&#13;
                	at org.apache.maven.cli.MavenCli.main(MavenCli.java:206)&#13;
                	at java.base/jdk.internal.reflect.DirectMethodHandleAccessor.invoke(DirectMethodHandleAccessor.java:103)&#13;
                	at java.base/java.lang.reflect.Method.invoke(Method.java:580)&#13;
                	at org.codehaus.plexus.classworlds.launcher.Launcher.launchEnhanced(Launcher.java:255)&#13;
                	at org.codehaus.plexus.classworlds.launcher.Launcher.launch(Launcher.java:201)&#13;
                	at org.codehaus.plexus.classworlds.launcher.Launcher.mainWithExitCode(Launcher.java:361)&#13;
                	at org.codehaus.plexus.classworlds.launcher.Launcher.main(Launcher.java:314)&#13;
                Caused by: java.lang.StringIndexOutOfBoundsException: Range [0, 10) out of bounds for length 9&#13;
                	at java.base/jdk.internal.util.Preconditions$1.apply(Preconditions.java:55)&#13;
                	at java.base/jdk.internal.util.Preconditions$1.apply(Preconditions.java:52)&#13;
                	at java.base/jdk.internal.util.Preconditions$4.apply(Preconditions.java:213)&#13;
                	at java.base/jdk.internal.util.Preconditions$4.apply(Preconditions.java:210)&#13;
                	at java.base/jdk.internal.util.Preconditions.outOfBounds(Preconditions.java:98)&#13;
                	at java.base/jdk.internal.util.Preconditions.outOfBoundsCheckFromToIndex(Preconditions.java:112)&#13;
                	at java.base/jdk.internal.util.Preconditions.checkFromToIndex(Preconditions.java:349)&#13;
                	at java.base/java.lang.String.checkBoundsBeginEnd(String.java:4865)&#13;
                	at java.base/java.lang.String.substring(String.java:2834)&#13;
                	at com.company.modelimplementations.NewOwnerTest.e_CorrectData(NewOwnerTest.java:30)&#13;
                	at java.base/jdk.internal.reflect.DirectMethodHandleAccessor.invoke(DirectMethodHandleAccessor.java:103)&#13;
                	... 35 more&#13;
</error>
        </testcase>
        <testcase name="OwnerInformationTest" time="5.573" classname="com.company.modelimplementations.OwnerInformationTest">
            <failure type="Not fulfilled" message="0"/>
        </testcase>
        <testcase name="FindOwnersTest" time="5.573" classname="com.company.modelimplementations.FindOwnersTest">
            <failure type="Not fulfilled" message="75"/>
        </testcase>
        <testcase name="PetClinicTest" time="5.573" classname="com.company.modelimplementations.PetClinicTest">
            <failure type="Not fulfilled" message="71"/>
        </testcase>
    </testsuite>
</testsuites>
